# Telegram Bot Loglari - AI OrderFlow Signal Bot
# Log formati: timestamp - level - module - message
# O'zbekcha xabarlar va holat ma'lumotlari

2024-12-15 08:30:15 - INFO - telegram_client - Bot ishga tushirildi, chat_id: 123456789
2024-12-15 08:30:16 - INFO - telegram_client - Webhook sozlandi: https://api.telegram.org/bot123456:ABC/setWebhook
2024-12-15 08:30:17 - INFO - telegram_client - Bot commands ro'yxati yangilandi: /start, /help, /status, /settings
2024-12-15 08:30:18 - INFO - telegram_client - Foydalanuvchi autentifikatsiyasi: user_id=123456789, username=@trader_uz

2024-12-15 09:15:22 - INFO - telegram_client - Signal yuborildi: chat_id=123456789, signal_id=SIG_001, symbol=EURUSD
2024-12-15 09:15:23 - INFO - telegram_client - Signal formati: BUY EURUSD 1.0850, lot=0.1, SL=1.0820, TP=1.0910
2024-12-15 09:15:24 - SUCCESS - telegram_client - Signal muvaffaqiyatli yuborildi, message_id=157
2024-12-15 09:15:25 - INFO - telegram_client - Inline keyboard qo'shildi: [AVTO SAVDO] [BEKOR QILISH]

2024-12-15 09:16:45 - INFO - telegram_client - Callback qabul qilindi: chat_id=123456789, callback_data=auto_trade_SIG_001
2024-12-15 09:16:46 - INFO - telegram_client - Foydalanuvchi tanlov: AVTO SAVDO, signal_id=SIG_001
2024-12-15 09:16:47 - SUCCESS - telegram_client - Callback javob yuborildi: "✅ Avtomatik savdo faollashtirildi"
2024-12-15 09:16:48 - INFO - telegram_client - Trade execution signal yuborildi: propshot_connector

2024-12-15 10:22:33 - INFO - telegram_client - Holatni so'rash: chat_id=123456789, command=/status
2024-12-15 10:22:34 - INFO - telegram_client - Holatni yuborish: Aktiv signallar=3, Bugungi savdolar=2, P/L=+125 USD
2024-12-15 10:22:35 - SUCCESS - telegram_client - Holat xabari yuborildi, message_id=158

2024-12-15 11:45:17 - INFO - telegram_client - Yangi signal: chat_id=123456789, signal_id=SIG_002, symbol=GBPUSD
2024-12-15 11:45:18 - INFO - telegram_client - Signal ma'lumotlari: SELL GBPUSD 1.2650, confidence=78%, risk=2%
2024-12-15 11:45:19 - SUCCESS - telegram_client - Signal yuborildi, message_id=159
2024-12-15 11:45:20 - INFO - telegram_client - Foydalanuvchi javob kutilmoqda...

2024-12-15 12:10:55 - WARNING - telegram_client - Callback timeout: signal_id=SIG_002, user_id=123456789
2024-12-15 12:10:56 - INFO - telegram_client - Avtomatik bekor qilish: signal_id=SIG_002, sabab=foydalanuvchi javob bermadi
2024-12-15 12:10:57 - INFO - telegram_client - Ogohlantirish yuborildi: "⏰ Signal vaqti tugadi: SELL GBPUSD"

2024-12-15 13:20:12 - INFO - telegram_client - Trade natijasi yuborildi: signal_id=SIG_001, result=+45 USD
2024-12-15 13:20:13 - SUCCESS - telegram_client - Natija xabari: "✅ Savdo yakunlandi: EURUSD +45 USD (+150 pips)"
2024-12-15 13:20:14 - INFO - telegram_client - Trade summary: entry=1.0850, exit=1.0900, duration=4h 5m

2024-12-15 14:35:28 - INFO - telegram_client - Sozlamalarni o'zgartirish: chat_id=123456789, command=/settings
2024-12-15 14:35:29 - INFO - telegram_client - Sozlamalar menu: Risk rejimi, Signal turlari, Vaqt oralig'i
2024-12-15 14:35:30 - SUCCESS - telegram_client - Sozlamalar klaviaturasi yuborildi, message_id=160

2024-12-15 14:36:45 - INFO - telegram_client - Sozlama o'zgartirildi: risk_level=conservative, user_id=123456789
2024-12-15 14:36:46 - INFO - telegram_client - Tasdiqlash: "🛡️ Risk rejimi: Conservative (1% per trade)"
2024-12-15 14:36:47 - SUCCESS - telegram_client - Sozlama saqlandi va tasdiqlandi

2024-12-15 15:50:33 - ERROR - telegram_client - Xabar yuborishda xato: chat_id=123456789, error=400 Bad Request
2024-12-15 15:50:34 - WARNING - telegram_client - Qayta urinish: attempt=1/3, delay=2s
2024-12-15 15:50:36 - SUCCESS - telegram_client - Qayta urinish muvaffaqiyatli, message_id=161

2024-12-15 16:25:18 - INFO - telegram_client - Haftalik hisobot yuborildi: chat_id=123456789
2024-12-15 16:25:19 - INFO - telegram_client - Hisobot ma'lumotlari: 15 signal, 12 savdo, 67% win rate, +380 USD
2024-12-15 16:25:20 - SUCCESS - telegram_client - Hisobot PDF yuborildi, file_size=2.3 MB

2024-12-15 17:40:22 - INFO - telegram_client - Yangilash xabari: chat_id=123456789, update_type=strategy_update
2024-12-15 17:40:23 - INFO - telegram_client - Strategiya yangilandi: AI model v2.1, performance improvement +15%
2024-12-15 17:40:24 - SUCCESS - telegram_client - Yangilash xabari yuborildi

2024-12-15 18:15:44 - INFO - telegram_client - Ogohlantirish: chat_id=123456789, alert_type=high_volatility
2024-12-15 18:15:45 - WARNING - telegram_client - Yuqori volatillik: EURUSD, recommended=reduce_risk
2024-12-15 18:15:46 - SUCCESS - telegram_client - Volatillik ogohlantiruvi yuborildi

2024-12-15 19:30:55 - INFO - telegram_client - Kunlik xulosa: chat_id=123456789, daily_summary=sent
2024-12-15 19:30:56 - INFO - telegram_client - Kun natijalari: 4 signal, 3 savdo, 2 win, 1 loss, +95 USD
2024-12-15 19:30:57 - SUCCESS - telegram_client - Kunlik xulosa yuborildi, message_id=162

2024-12-15 20:45:12 - INFO - telegram_client - Tungi rejim faollashtirildi: chat_id=123456789
2024-12-15 20:45:13 - INFO - telegram_client - Tungi sozlamalar: faqat muhim signallar, ovoz o'chirish
2024-12-15 20:45:14 - SUCCESS - telegram_client - Tungi rejim tasdiqlandi

2024-12-15 21:20:33 - INFO - telegram_client - Favqulotda signal: chat_id=123456789, signal_id=SIG_003, priority=high
2024-12-15 21:20:34 - URGENT - telegram_client - Muhim signal: SELL USDJPY 148.50, whale activity detected
2024-12-15 21:20:35 - SUCCESS - telegram_client - Favqulotda signal yuborildi, vibration=on

2024-12-15 22:10:28 - INFO - telegram_client - Feedback qabul qilindi: chat_id=123456789, rating=5, comment="Ajoyib bot!"
2024-12-15 22:10:29 - INFO - telegram_client - Rahmat xabari: "🙏 Sizning fikr-mulohazangiz biz uchun qimmatli!"
2024-12-15 22:10:30 - SUCCESS - telegram_client - Feedback saqlandi va javob yuborildi

2024-12-15 23:00:15 - INFO - telegram_client - Backup yaratildi: chat_id=123456789, backup_type=user_settings
2024-12-15 23:00:16 - SUCCESS - telegram_client - Foydalanuvchi sozlamalari arxivlandi
2024-12-15 23:00:17 - INFO - telegram_client - Bugungi faollik: 25 xabar yuborildi, 15 callback qabul qilindi

2024-12-15 23:30:22 - INFO - telegram_client - Kechki rejim: chat_id=123456789, mode=night
2024-12-15 23:30:23 - INFO - telegram_client - Kechki sozlamalar: signal_limit=2, importance=high_only
2024-12-15 23:30:24 - SUCCESS - telegram_client - Kechki rejim faollashtirildi

# Statistik ma'lumotlar - Kunlik
# Jami yuborilgan xabarlar: 25
# Muvaffaqiyatli yuborilgan: 24
# Xatolar: 1
# Callback javoblar: 15
# Foydalanuvchi faolligi: 87%
# O'rtacha javob vaqti: 1.2 sekund
# Eng katta xabar hajmi: 2.3 MB
# Eng kichik javob vaqti: 0.8 sekund

# Haftalik tendensiyalar
# Signal qabul qilish: 67%
# Avtomatik savdo: 45%
# Qo'l bilan tasdiqlash: 55%
# Sozlamalar o'zgarishi: 8%
# Feedback berish: 12%

# Xatolik turlari
# Network timeout: 2
# Invalid callback: 1
# Rate limit: 0
# Server error: 0
# Client error: 1

# Performance metrikalar
# Xabar yuborish tezligi: 1.2s
# Callback javob tezligi: 0.8s
# Fayl yuklash tezligi: 3.5s
# Webhook javob tezligi: 0.5s
# Database query tezligi: 0.3s
