# AI OrderFlow & Signal Bot - Trading Log
# Savdo operatsiyalari va signal natijalarini kuzatish uchun log fayli
# Format: YYYY-MM-DD HH:MM:SS - LEVEL - MODULE - MESSAGE

2024-07-12 07:15:23 - INFO - signal_generator - EURUSD uchun yangi signal yaratildi: BUY 1.0985 (Confidence: 87%)
2024-07-12 07:15:24 - INFO - risk_calculator - Risk hisoblandi: 1.8% (Lot: 0.03)
2024-07-12 07:15:25 - INFO - propshot_connector - Propshot ga signal yuborildi: BUY EURUSD 0.03 lot
2024-07-12 07:15:26 - INFO - execution_engine - Order ochildi: EURUSD BUY 0.03 lot @ 1.0985
2024-07-12 07:15:27 - INFO - telegram_client - Foydalanuvchiga signal yuborildi: EURUSD BUY signal
2024-07-12 07:15:28 - INFO - trade_monitor - Trade #TRD001 kuzatuvga olindi

2024-07-12 08:30:45 - INFO - signal_generator - GBPUSD uchun yangi signal yaratildi: SELL 1.2756 (Confidence: 73%)
2024-07-12 08:30:46 - WARNING - risk_calculator - Risk yuqori: 2.1% (Maksimal: 2.0%)
2024-07-12 08:30:47 - INFO - risk_calculator - Risk kamaytirildi: 2.0% (Lot: 0.02)
2024-07-12 08:30:48 - INFO - propshot_connector - Propshot ga signal yuborildi: SELL GBPUSD 0.02 lot
2024-07-12 08:30:49 - INFO - execution_engine - Order ochildi: GBPUSD SELL 0.02 lot @ 1.2756
2024-07-12 08:30:50 - INFO - telegram_client - Foydalanuvchiga signal yuborildi: GBPUSD SELL signal
2024-07-12 08:30:51 - INFO - trade_monitor - Trade #TRD002 kuzatuvga olindi

2024-07-12 09:45:12 - INFO - trade_monitor - Trade #TRD001 Stop Loss ga yaqin: EURUSD @ 1.0975 (SL: 1.0965)
2024-07-12 09:45:13 - WARNING - trade_monitor - Trade #TRD001 uchun ogohlantirildi: -10 pips
2024-07-12 09:45:14 - INFO - telegram_client - SL ogohlantirish yuborildi: EURUSD trade zarar chegarasida

2024-07-12 10:20:33 - INFO - trade_monitor - Trade #TRD002 Take Profit ga yetdi: GBPUSD @ 1.2726 (TP: 1.2726)
2024-07-12 10:20:34 - INFO - execution_engine - Order yopildi: GBPUSD SELL 0.02 lot @ 1.2726
2024-07-12 10:20:35 - INFO - trade_monitor - Trade #TRD002 yakunlandi: +30 pips, +$60 foyda
2024-07-12 10:20:36 - INFO - telegram_client - Muvaffaqiyatli savdo haqida xabar yuborildi: GBPUSD +$60

2024-07-12 11:35:28 - ERROR - propshot_connector - Propshot bilan bog'lanish xatosi: Connection timeout
2024-07-12 11:35:29 - INFO - propshot_connector - Qayta ulanish urinishi: 1/3
2024-07-12 11:35:32 - INFO - propshot_connector - Propshot ga muvaffaqiyatli ulanildi
2024-07-12 11:35:33 - INFO - execution_engine - Kutilayotgan orderlar tekshirildi

2024-07-12 12:15:45 - INFO - signal_generator - USDJPY uchun yangi signal yaratildi: BUY 149.25 (Confidence: 82%)
2024-07-12 12:15:46 - WARNING - risk_calculator - Kunlik limit tekshirildi: 2 ta trade bajarildi (Maksimal: 3)
2024-07-12 12:15:47 - INFO - risk_calculator - Risk hisoblandi: 1.5% (Lot: 0.04)
2024-07-12 12:15:48 - INFO - propshot_connector - Propshot ga signal yuborildi: BUY USDJPY 0.04 lot
2024-07-12 12:15:49 - INFO - execution_engine - Order ochildi: USDJPY BUY 0.04 lot @ 149.25
2024-07-12 12:15:50 - INFO - telegram_client - Foydalanuvchiga signal yuborildi: USDJPY BUY signal
2024-07-12 12:15:51 - INFO - trade_monitor - Trade #TRD003 kuzatuvga olindi

2024-07-12 13:22:15 - INFO - trade_monitor - Trade #TRD001 Stop Loss ga yetdi: EURUSD @ 1.0965 (SL: 1.0965)
2024-07-12 13:22:16 - INFO - execution_engine - Order yopildi: EURUSD BUY 0.03 lot @ 1.0965
2024-07-12 13:22:17 - INFO - trade_monitor - Trade #TRD001 yakunlandi: -20 pips, -$60 zarar
2024-07-12 13:22:18 - INFO - telegram_client - Trade natijasi haqida xabar yuborildi: EURUSD -$60

2024-07-12 14:08:33 - INFO - portfolio_manager - Kunlik natijalar hisoblandi: +$0 (2W/1L)
2024-07-12 14:08:34 - INFO - portfolio_manager - Ochiq pozitsiyalar: 1 ta (USDJPY)
2024-07-12 14:08:35 - INFO - portfolio_manager - Kunlik risk: 1.5% (Qolgan: 3.5%)
2024-07-12 14:08:36 - INFO - telegram_client - Kunlik hisobot yuborildi

2024-07-12 15:30:22 - INFO - signal_generator - AUDUSD uchun yangi signal yaratildi: SELL 0.6745 (Confidence: 68%)
2024-07-12 15:30:23 - WARNING - risk_calculator - Confidence past: 68% (Minimal: 70%)
2024-07-12 15:30:24 - INFO - signal_generator - Signal rad etildi: past confidence
2024-07-12 15:30:25 - INFO - telegram_client - Rad etilgan signal haqida xabar yuborildi: AUDUSD signal rad etildi

2024-07-12 16:45:18 - INFO - trade_monitor - Trade #TRD003 manfiy o'zgarish: USDJPY @ 149.15 (-10 pips)
2024-07-12 16:45:19 - INFO - trade_monitor - Trade #TRD003 kuzatuvda: SL 149.05 dan uzoq

2024-07-12 17:20:41 - INFO - signal_generator - USDCAD uchun yangi signal yaratildi: BUY 1.3565 (Confidence: 89%)
2024-07-12 17:20:42 - WARNING - risk_calculator - Kunlik limit yetdi: 3 ta trade bajarildi (Maksimal: 3)
2024-07-12 17:20:43 - INFO - signal_generator - Signal rad etildi: kunlik limit
2024-07-12 17:20:44 - INFO - telegram_client - Kunlik limit haqida xabar yuborildi: Bugun boshqa trade ochilmaydi

2024-07-12 18:35:55 - INFO - trade_monitor - Trade #TRD003 Take Profit ga yetdi: USDJPY @ 149.55 (TP: 149.55)
2024-07-12 18:35:56 - INFO - execution_engine - Order yopildi: USDJPY BUY 0.04 lot @ 149.55
2024-07-12 18:35:57 - INFO - trade_monitor - Trade #TRD003 yakunlandi: +30 pips, +$120 foyda
2024-07-12 18:35:58 - INFO - telegram_client - Muvaffaqiyatli savdo haqida xabar yuborildi: USDJPY +$120

2024-07-12 19:15:20 - INFO - portfolio_manager - Kunlik yakuniy natijalar: +$60 (2W/1L)
2024-07-12 19:15:21 - INFO - portfolio_manager - Ochiq pozitsiyalar: 0 ta
2024-07-12 19:15:22 - INFO - portfolio_manager - Kunlik foyda: +0.60% (Portfolio: $10,060)
2024-07-12 19:15:23 - INFO - telegram_client - Kunlik yakuniy hisobot yuborildi

2024-07-12 19:30:00 - INFO - strategy_manager - Kunlik strategiya tahlil: 3 ta signal, 2 ta muvaffaqiyatli
2024-07-12 19:30:01 - INFO - strategy_manager - Win rate: 66.7% (Maqsad: 65%+)
2024-07-12 19:30:02 - INFO - strategy_manager - Profit factor: 2.0 (Maqsad: 1.5+)
2024-07-12 19:30:03 - INFO - strategy_manager - Max drawdown: -$60 (Maqsad: -$100)
2024-07-12 19:30:04 - INFO - telegram_client - Strategiya hisoboti yuborildi

2024-07-12 20:00:00 - INFO - main - Kunlik ish yakunlandi, kechki rejimga o'tish
2024-07-12 20:00:01 - INFO - main - Barcha modullar kechki rejimga o'tkazildi
2024-07-12 20:00:02 - INFO - telegram_client - Kunlik ish yakunlangani haqida xabar yuborildi

# Kechki va tungi kuzatuv rejimlari
2024-07-12 21:30:15 - INFO - market_analyzer - Kechki market tahlil: volatillik past
2024-07-12 21:30:16 - INFO - signal_generator - Kechki rejim: faqat yuqori confidence signallar (85%+)

2024-07-12 22:45:33 - INFO - signal_generator - EURJPY uchun yangi signal yaratildi: BUY 162.35 (Confidence: 91%)
2024-07-12 22:45:34 - WARNING - risk_calculator - Kechki rejim: risk kamaytirildi 1.0% ga
2024-07-12 22:45:35 - INFO - risk_calculator - Risk hisoblandi: 1.0% (Lot: 0.02)
2024-07-12 22:45:36 - INFO - telegram_client - Kechki signal tasdiqlash so'raldi: EURJPY BUY
2024-07-12 22:46:15 - INFO - telegram_client - Foydalanuvchi tasdiqladi: EURJPY BUY signal
2024-07-12 22:46:16 - INFO - propshot_connector - Propshot ga signal yuborildi: BUY EURJPY 0.02 lot
2024-07-12 22:46:17 - INFO - execution_engine - Order ochildi: EURJPY BUY 0.02 lot @ 162.35
2024-07-12 22:46:18 - INFO - trade_monitor - Trade #TRD004 kuzatuvga olindi

2024-07-12 23:15:45 - INFO - trade_monitor - Barcha ochiq pozitsiyalar kuzatuvda: 1 ta trade
2024-07-12 23:15:46 - INFO - trade_monitor - Trade #TRD004 holati: EURJPY @ 162.38 (+3 pips)

2024-07-12 23:30:00 - INFO - main - Tungi kuzatuv rejimiga o'tish
2024-07-12 23:30:01 - INFO - main - Avtomatik signallar o'chirildi, faqat kuzatuv aktiv
2024-07-12 23:30:02 - INFO - telegram_client - Tungi rejim haqida xabar yuborildi

2024-07-13 00:00:00 - INFO - main - Yangi kun boshlandi, tungi kuzatuv davom etmoqda
2024-07-13 00:00:01 - INFO - portfolio_manager - Haftalik natijalar: +$245 (12W/5L)
2024-07-13 00:00:02 - INFO - portfolio_manager - Haftalik win rate: 70.6%
2024-07-13 00:00:03 - INFO - telegram_client - Haftalik hisobot yuborildi

# Tungi kuzatuv loglar
2024-07-13 01:15:22 - INFO - trade_monitor - Trade #TRD004 holati: EURJPY @ 162.42 (+7 pips)
2024-07-13 02:30:18 - INFO - trade_monitor - Trade #TRD004 holati: EURJPY @ 162.45 (+10 pips)
2024-07-13 03:45:33 - INFO - trade_monitor - Trade #TRD004 holati: EURJPY @ 162.38 (+3 pips)
2024-07-13 04:20:15 - INFO - trade_monitor - Trade #TRD004 holati: EURJPY @ 162.31 (-4 pips)
2024-07-13 05:15:42 - INFO - trade_monitor - Trade #TRD004 holati: EURJPY @ 162.28 (-7 pips)

2024-07-13 06:00:00 - INFO - main - Ertalabki tayyorgarlik rejimine o'tish
2024-07-13 06:00:01 - INFO - main - Market tahlil va signal generatorlar faollashtirildi
2024-07-13 06:00:02 - INFO - telegram_client - Ertalabki rejim haqida xabar yuborildi

2024-07-13 06:30:25 - INFO - market_analyzer - Ertalabki market tahlil: volatillik o'rtacha
2024-07-13 06:30:26 - INFO - signal_generator - Ertalabki rejim: standart confidence (70%+)

2024-07-13 07:00:00 - INFO - main - Ishchi kun boshlandi, to'liq avtomatik rejim
2024-07-13 07:00:01 - INFO - main - Barcha modullar faol rejimga o'tkazildi
2024-07-13 07:00:02 - INFO - telegram_client - Ishchi kun boshlanishi haqida xabar yuborildi

# Xatolar va fallback holatlar
2024-07-13 07:15:33 - ERROR - propshot_connector - Propshot API xatosi: Invalid lot size
2024-07-13 07:15:34 - INFO - propshot_connector - Lot size to'g'irlandi: 0.03 -> 0.02
2024-07-13 07:15:35 - INFO - propshot_connector - Qayta urinish muvaffaqiyatli

2024-07-13 08:22:18 - WARNING - trade_monitor - Trade #TRD004 SL ga yaqin: EURJPY @ 162.16 (SL: 162.15)
2024-07-13 08:22:19 - INFO - trade_monitor - SL ogohlantirildi: -19 pips
2024-07-13 08:22:20 - INFO - telegram_client - SL ogohlantirish yuborildi

2024-07-13 08:25:45 - INFO - trade_monitor - Trade #TRD004 Stop Loss ga yetdi: EURJPY @ 162.15 (SL: 162.15)
2024-07-13 08:25:46 - INFO - execution_engine - Order yopildi: EURJPY BUY 0.02 lot @ 162.15
2024-07-13 08:25:47 - INFO - trade_monitor - Trade #TRD004 yakunlandi: -20 pips, -$40 zarar
2024-07-13 08:25:48 - INFO - telegram_client - Trade natijasi haqida xabar yuborildi: EURJPY -$40

# Risk managment loglar
2024-07-13 09:30:15 - INFO - risk_calculator - Haftalik risk tekshirildi: 2.3% (Maksimal: 10%)
2024-07-13 09:30:16 - INFO - risk_calculator - Kunlik risk resetlandi: 0%
2024-07-13 09:30:17 - INFO - portfolio_manager - Portfolio qiymat: $10,020 (Boshlang'ich: $10,000)

2024-07-13 10:15:33 - INFO - signal_generator - NZDUSD uchun yangi signal yaratildi: SELL 0.6125 (Confidence: 76%)
2024-07-13 10:15:34 - INFO - risk_calculator - Risk hisoblandi: 1.8% (Lot: 0.03)
2024-07-13 10:15:35 - INFO - propshot_connector - Propshot ga signal yuborildi: SELL NZDUSD 0.03 lot
2024-07-13 10:15:36 - INFO - execution_engine - Order ochildi: NZDUSD SELL 0.03 lot @ 0.6125
2024-07-13 10:15:37 - INFO - telegram_client - Foydalanuvchiga signal yuborildi: NZDUSD SELL signal
2024-07-13 10:15:38 - INFO - trade_monitor - Trade #TRD005 kuzatuvga olindi

# Performance monitoring
2024-07-13 11:00:00 - INFO - portfolio_manager - 1-soatlik performance: 0 ta ochiq trade
2024-07-13 11:00:01 - INFO - portfolio_manager - Bugungi performance: -$40 (0W/1L)
2024-07-13 11:00:02 - INFO - strategy_manager - Strategiya effectiveness: 68% (Oxirgi 10 ta signal)

2024-07-13 12:30:44 - INFO - trade_monitor - Trade #TRD005 Take Profit ga yetdi: NZDUSD @ 0.6095 (TP: 0.6095)
2024-07-13 12:30:45 - INFO - execution_engine - Order yopildi: NZDUSD SELL 0.03 lot @ 0.6095
2024-07-13 12:30:46 - INFO - trade_monitor - Trade #TRD005 yakunlandi: +30 pips, +$90 foyda
2024-07-13 12:30:47 - INFO - telegram_client - Muvaffaqiyatli savdo haqida xabar yuborildi: NZDUSD +$90

# Yakuniy kunlik natijalar
2024-07-13 19:30:00 - INFO - portfolio_manager - Kunlik yakuniy natijalar: +$50 (1W/1L)
2024-07-13 19:30:01 - INFO - portfolio_manager - Haftalik natijalar: +$295 (13W/6L)
2024-07-13 19:30:02 - INFO - portfolio_manager - Oylik natijalar: +$1,245 (52W/23L)
2024-07-13 19:30:03 - INFO - telegram_client - Kunlik/haftalik/oylik hisobot yuborildi

# Log rotation va arxivlash
2024-07-13 20:00:00 - INFO - main - Log rotation bajarilyapti
2024-07-13 20:00:01 - INFO - main - Eski loglar arxivlandi: logs/archive/2024-07/
2024-07-13 20:00:02 - INFO - main - Yangi log fayl boshlandi

# Sistem maintenance
2024-07-13 20:30:00 - INFO - main - Haftalik maintenance: database cleanup
2024-07-13 20:30:01 - INFO - main - Eski ma'lumotlar o'chirildi: 30 kundan eski
2024-07-13 20:30:02 - INFO - main - Cache tozalandi
2024-07-13 20:30:03 - INFO - main - Maintenance yakunlandi
